<?xml version="1.0" encoding="UTF-8"?><testsuite errors="1" failures="0" name="Register" skipped="0" tests="1" time="34.89" timestamp="2018-07-17T21:50:28.119-05:00[America/Bogota]"><testcase name="Register to the web page"><error message="The following error occurred: Timed out after 10 seconds. Element not found&#10;For documentation on this error, please visit: http://seleniumhq.org/exceptions/no_such_element.html&#10;Build info: version: '3.7.0', revision: '2321c73', time: '2017-11-02T22:22:35.584Z'&#10;System info: host: 'AMAC02VV2WGHV2D', ip: 'fdc8:d15e:cc9c:a200:30b4:9fe8:4fc3:1b86%en0', os.name: 'Mac OS X', os.arch: 'x86_64', os.version: '10.13.6', java.version: '1.8.0_171'&#10;Driver info: driver.version: unknown&#10;For documentation on this error, please visit: http://seleniumhq.org/exceptions/no_such_element.html&#10;Build info: version: '3.7.0', revision: '2321c73', time: '2017-11-02T22:22:35.584Z'&#10;System info: host: 'AMAC02VV2WGHV2D', ip: 'fdc8:d15e:cc9c:a200:30b4:9fe8:4fc3:1b86%en0', os.name: 'Mac OS X', os.arch: 'x86_64', os.version: '10.13.6', java.version: '1.8.0_171'&#10;Driver info: driver.version: unknown" type="org.openqa.selenium.NoSuchElementException">The following error occurred: Timed out after 10 seconds. Element not found
For documentation on this error, please visit: http://seleniumhq.org/exceptions/no_such_element.html
Build info: version: '3.7.0', revision: '2321c73', time: '2017-11-02T22:22:35.584Z'
System info: host: 'AMAC02VV2WGHV2D', ip: 'fdc8:d15e:cc9c:a200:30b4:9fe8:4fc3:1b86%en0', os.name: 'Mac OS X', os.arch: 'x86_64', os.version: '10.13.6', java.version: '1.8.0_171'
Driver info: driver.version: unknown
For documentation on this error, please visit: http://seleniumhq.org/exceptions/no_such_element.html
Build info: version: '3.7.0', revision: '2321c73', time: '2017-11-02T22:22:35.584Z'
System info: host: 'AMAC02VV2WGHV2D', ip: 'fdc8:d15e:cc9c:a200:30b4:9fe8:4fc3:1b86%en0', os.name: 'Mac OS X', os.arch: 'x86_64', os.version: '10.13.6', java.version: '1.8.0_171'
Driver info: driver.version: unknown</error><system-err>The following error occurred: Timed out after 10 seconds. Element not found
For documentation on this error, please visit: http://seleniumhq.org/exceptions/no_such_element.html
Build info: version: '3.7.0', revision: '2321c73', time: '2017-11-02T22:22:35.584Z'
System info: host: 'AMAC02VV2WGHV2D', ip: 'fdc8:d15e:cc9c:a200:30b4:9fe8:4fc3:1b86%en0', os.name: 'Mac OS X', os.arch: 'x86_64', os.version: '10.13.6', java.version: '1.8.0_171'
Driver info: driver.version: unknown
For documentation on this error, please visit: http://seleniumhq.org/exceptions/no_such_element.html
Build info: version: '3.7.0', revision: '2321c73', time: '2017-11-02T22:22:35.584Z'
System info: host: 'AMAC02VV2WGHV2D', ip: 'fdc8:d15e:cc9c:a200:30b4:9fe8:4fc3:1b86%en0', os.name: 'Mac OS X', os.arch: 'x86_64', os.version: '10.13.6', java.version: '1.8.0_171'
Driver info: driver.version: unknown
co.com.bancolombia.certification.technical_challenge.user_interface.TheNinjaStoreRegisterPage.PressButtonConfirmRegister(TheNinjaStoreRegisterPage.java:72)
co.com.bancolombia.certification.technical_challenge.interactions.registerSteps.ConfirmRegister(registerSteps.java:57)
co.com.bancolombia.certification.technical_challenge.step_definitions.Register_To_The_Web_Page_stepDefinitions.Successful_login(Register_To_The_Web_Page_stepDefinitions.java:35)
cucumber.runner.Runner.runPickle(Runner.java:80)
org.eclipse.jdt.internal.junit4.runner.JUnit4TestReference.run(JUnit4TestReference.java:86)
org.eclipse.jdt.internal.junit.runner.TestExecution.run(TestExecution.java:38)
org.eclipse.jdt.internal.junit.runner.RemoteTestRunner.runTests(RemoteTestRunner.java:538)
org.eclipse.jdt.internal.junit.runner.RemoteTestRunner.runTests(RemoteTestRunner.java:760)
org.eclipse.jdt.internal.junit.runner.RemoteTestRunner.run(RemoteTestRunner.java:460)
org.eclipse.jdt.internal.junit.runner.RemoteTestRunner.main(RemoteTestRunner.java:206)
</system-err></testcase></testsuite>